{"/Users/chandrahmani/Documents/github/chandrahmani/person-management/src/components/Footer/Footer.tsx": {"path":"/Users/chandrahmani/Documents/github/chandrahmani/person-management/src/components/Footer/Footer.tsx","statementMap":{"0":{"start":{"line":2,"column":0},"end":{"line":2,"column":65}},"1":{"start":{"line":5,"column":1},"end":{"line":23,"column":3}},"2":{"start":{"line":10,"column":5},"end":{"line":12,"column":31}},"3":{"start":{"line":26,"column":0},"end":{"line":26,"column":22}}},"fnMap":{"0":{"name":"Footer","decl":{"start":{"line":4,"column":9},"end":{"line":4,"column":15}},"loc":{"start":{"line":4,"column":15},"end":{"line":24,"column":1}}},"1":{"name":"(anonymous_1)","decl":{"start":{"line":9,"column":21},"end":{"line":9,"column":22}},"loc":{"start":{"line":10,"column":5},"end":{"line":12,"column":31}}}},"branchMap":{"0":{"loc":{"start":{"line":10,"column":5},"end":{"line":12,"column":31}},"type":"cond-expr","locations":[{"start":{"line":11,"column":8},"end":{"line":11,"column":31}},{"start":{"line":12,"column":8},"end":{"line":12,"column":31}}]}},"s":{"0":0,"1":0,"2":0,"3":0},"f":{"0":0,"1":0},"b":{"0":[0,0]}}
,"/Users/chandrahmani/Documents/github/chandrahmani/person-management/src/components/Navigation/Navigation.tsx": {"path":"/Users/chandrahmani/Documents/github/chandrahmani/person-management/src/components/Navigation/Navigation.tsx","statementMap":{"0":{"start":{"line":23,"column":0},"end":{"line":23,"column":24}},"1":{"start":{"line":1,"column":0},"end":{"line":1,"column":31}},"2":{"start":{"line":2,"column":0},"end":{"line":2,"column":44}},"3":{"start":{"line":3,"column":0},"end":{"line":3,"column":36}},"4":{"start":{"line":5,"column":0},"end":{"line":5,"column":42}},"5":{"start":{"line":6,"column":0},"end":{"line":6,"column":52}},"6":{"start":{"line":7,"column":0},"end":{"line":7,"column":44}},"7":{"start":{"line":8,"column":0},"end":{"line":8,"column":42}},"8":{"start":{"line":9,"column":0},"end":{"line":9,"column":50}},"9":{"start":{"line":10,"column":0},"end":{"line":10,"column":38}},"10":{"start":{"line":11,"column":0},"end":{"line":11,"column":46}},"11":{"start":{"line":14,"column":0},"end":{"line":14,"column":44}},"12":{"start":{"line":15,"column":0},"end":{"line":15,"column":50}},"13":{"start":{"line":16,"column":0},"end":{"line":16,"column":57}},"14":{"start":{"line":17,"column":0},"end":{"line":17,"column":43}},"15":{"start":{"line":18,"column":0},"end":{"line":18,"column":47}},"16":{"start":{"line":19,"column":0},"end":{"line":19,"column":45}},"17":{"start":{"line":21,"column":20},"end":{"line":21,"column":23}},"18":{"start":{"line":24,"column":38},"end":{"line":24,"column":59}},"19":{"start":{"line":25,"column":28},"end":{"line":25,"column":37}},"20":{"start":{"line":26,"column":19},"end":{"line":26,"column":32}},"21":{"start":{"line":28,"column":19},"end":{"line":28,"column":66}},"22":{"start":{"line":30,"column":29},"end":{"line":32,"column":3}},"23":{"start":{"line":31,"column":4},"end":{"line":31,"column":45}},"24":{"start":{"line":31,"column":33},"end":{"line":31,"column":43}},"25":{"start":{"line":34,"column":23},"end":{"line":37,"column":3}},"26":{"start":{"line":35,"column":4},"end":{"line":35,"column":13}},"27":{"start":{"line":36,"column":4},"end":{"line":36,"column":23}},"28":{"start":{"line":40,"column":4},"end":{"line":53,"column":null}},"29":{"start":{"line":47,"column":10},"end":{"line":47,"column":null}},"30":{"start":{"line":57,"column":2},"end":{"line":122,"column":4}},"31":{"start":{"line":80,"column":14},"end":{"line":92,"column":null}}},"fnMap":{"0":{"name":"Navigation","decl":{"start":{"line":23,"column":24},"end":{"line":23,"column":34}},"loc":{"start":{"line":23,"column":34},"end":{"line":123,"column":1}}},"1":{"name":"(anonymous_11)","decl":{"start":{"line":30,"column":29},"end":{"line":30,"column":32}},"loc":{"start":{"line":30,"column":34},"end":{"line":32,"column":3}}},"2":{"name":"(anonymous_12)","decl":{"start":{"line":31,"column":18},"end":{"line":31,"column":19}},"loc":{"start":{"line":31,"column":33},"end":{"line":31,"column":43}}},"3":{"name":"(anonymous_13)","decl":{"start":{"line":34,"column":23},"end":{"line":34,"column":26}},"loc":{"start":{"line":34,"column":28},"end":{"line":37,"column":3}}},"4":{"name":"(anonymous_14)","decl":{"start":{"line":46,"column":22},"end":{"line":46,"column":23}},"loc":{"start":{"line":47,"column":10},"end":{"line":47,"column":null}}},"5":{"name":"(anonymous_15)","decl":{"start":{"line":79,"column":26},"end":{"line":79,"column":27}},"loc":{"start":{"line":80,"column":14},"end":{"line":92,"column":null}}}},"branchMap":{"0":{"loc":{"start":{"line":28,"column":24},"end":{"line":28,"column":48}},"type":"cond-expr","locations":[{"start":{"line":28,"column":32},"end":{"line":28,"column":43}},{"start":{"line":28,"column":46},"end":{"line":28,"column":48}}]},"1":{"loc":{"start":{"line":80,"column":14},"end":{"line":92,"column":null}},"type":"cond-expr","locations":[{"start":{"line":80,"column":42},"end":{"line":80,"column":46}},{"start":{"line":81,"column":16},"end":{"line":82,"column":null}}]},"2":{"loc":{"start":{"line":80,"column":14},"end":{"line":80,"column":39}},"type":"binary-expr","locations":[{"start":{"line":80,"column":14},"end":{"line":80,"column":19}},{"start":{"line":80,"column":23},"end":{"line":80,"column":39}}]},"3":{"loc":{"start":{"line":97,"column":13},"end":{"line":101,"column":20}},"type":"cond-expr","locations":[{"start":{"line":98,"column":14},"end":{"line":98,"column":null}},{"start":{"line":101,"column":16},"end":{"line":101,"column":20}}]}},"s":{"0":1,"1":1,"2":1,"3":1,"4":1,"5":1,"6":1,"7":1,"8":1,"9":1,"10":1,"11":1,"12":1,"13":1,"14":1,"15":1,"16":1,"17":1,"18":5,"19":4,"20":0,"21":0,"22":0,"23":0,"24":0,"25":0,"26":0,"27":0,"28":0,"29":0,"30":0,"31":0},"f":{"0":5,"1":0,"2":0,"3":0,"4":0,"5":0},"b":{"0":[0,0],"1":[0,0],"2":[0,0],"3":[0,0]}}
,"/Users/chandrahmani/Documents/github/chandrahmani/person-management/src/components/StandardImageList/StandardImageList.tsx": {"path":"/Users/chandrahmani/Documents/github/chandrahmani/person-management/src/components/StandardImageList/StandardImageList.tsx","statementMap":{"0":{"start":{"line":5,"column":0},"end":{"line":5,"column":24}},"1":{"start":{"line":1,"column":0},"end":{"line":1,"column":31}},"2":{"start":{"line":2,"column":0},"end":{"line":2,"column":48}},"3":{"start":{"line":3,"column":0},"end":{"line":3,"column":56}},"4":{"start":{"line":6,"column":2},"end":{"line":19,"column":4}},"5":{"start":{"line":9,"column":8},"end":{"line":9,"column":null}},"6":{"start":{"line":22,"column":17},"end":{"line":71,"column":2}}},"fnMap":{"0":{"name":"StandardImageList","decl":{"start":{"line":5,"column":24},"end":{"line":5,"column":41}},"loc":{"start":{"line":5,"column":41},"end":{"line":20,"column":1}}},"1":{"name":"(anonymous_11)","decl":{"start":{"line":8,"column":20},"end":{"line":8,"column":21}},"loc":{"start":{"line":9,"column":8},"end":{"line":9,"column":null}}}},"branchMap":{},"s":{"0":0,"1":0,"2":0,"3":0,"4":0,"5":0,"6":0},"f":{"0":0,"1":0},"b":{}}
,"/Users/chandrahmani/Documents/github/chandrahmani/person-management/src/services/app.services.ts": {"path":"/Users/chandrahmani/Documents/github/chandrahmani/person-management/src/services/app.services.ts","statementMap":{"0":{"start":{"line":1,"column":0},"end":{"line":1,"column":26}},"1":{"start":{"line":5,"column":25},"end":{"line":13,"column":2}},"2":{"start":{"line":5,"column":36},"end":{"line":13,"column":2}},"3":{"start":{"line":6,"column":1},"end":{"line":12,"column":2}},"4":{"start":{"line":7,"column":19},"end":{"line":7,"column":110}},"5":{"start":{"line":8,"column":2},"end":{"line":8,"column":29}},"6":{"start":{"line":9,"column":2},"end":{"line":9,"column":null}},"7":{"start":{"line":11,"column":2},"end":{"line":11,"column":23}},"8":{"start":{"line":5,"column":13},"end":{"line":5,"column":25}},"9":{"start":{"line":21,"column":26},"end":{"line":35,"column":2}},"10":{"start":{"line":24,"column":31},"end":{"line":35,"column":2}},"11":{"start":{"line":25,"column":2},"end":{"line":34,"column":3}},"12":{"start":{"line":26,"column":21},"end":{"line":29,"column":6}},"13":{"start":{"line":30,"column":1},"end":{"line":30,"column":45}},"14":{"start":{"line":32,"column":4},"end":{"line":32,"column":25}},"15":{"start":{"line":33,"column":4},"end":{"line":33,"column":91}},"16":{"start":{"line":21,"column":13},"end":{"line":21,"column":26}}},"fnMap":{"0":{"name":"(anonymous_8)","decl":{"start":{"line":5,"column":25},"end":{"line":5,"column":34}},"loc":{"start":{"line":5,"column":36},"end":{"line":13,"column":2}}},"1":{"name":"(anonymous_9)","decl":{"start":{"line":5,"column":36},"end":{"line":5,"column":null}},"loc":{"start":{"line":5,"column":36},"end":{"line":13,"column":1}}},"2":{"name":"(anonymous_10)","decl":{"start":{"line":21,"column":26},"end":{"line":21,"column":null}},"loc":{"start":{"line":24,"column":31},"end":{"line":35,"column":2}}},"3":{"name":"(anonymous_11)","decl":{"start":{"line":24,"column":31},"end":{"line":24,"column":null}},"loc":{"start":{"line":23,"column":28},"end":{"line":35,"column":1}}}},"branchMap":{"0":{"loc":{"start":{"line":23,"column":2},"end":{"line":23,"column":28}},"type":"default-arg","locations":[{"start":{"line":23,"column":23},"end":{"line":23,"column":28}}]},"1":{"loc":{"start":{"line":33,"column":32},"end":{"line":33,"column":88}},"type":"cond-expr","locations":[{"start":{"line":33,"column":57},"end":{"line":33,"column":70}},{"start":{"line":33,"column":73},"end":{"line":33,"column":88}}]}},"s":{"0":0,"1":0,"2":0,"3":0,"4":0,"5":0,"6":0,"7":0,"8":0,"9":0,"10":0,"11":0,"12":0,"13":0,"14":0,"15":0,"16":0},"f":{"0":0,"1":0,"2":0,"3":0},"b":{"0":[0],"1":[0,0]}}
,"/Users/chandrahmani/Documents/github/chandrahmani/person-management/src/store/AuthProvider.tsx": {"path":"/Users/chandrahmani/Documents/github/chandrahmani/person-management/src/store/AuthProvider.tsx","statementMap":{"0":{"start":{"line":1,"column":0},"end":{"line":1,"column":82}},"1":{"start":{"line":2,"column":0},"end":{"line":2,"column":43}},"2":{"start":{"line":6,"column":2},"end":{"line":11,"column":3}},"3":{"start":{"line":7,"column":20},"end":{"line":7,"column":57}},"4":{"start":{"line":8,"column":4},"end":{"line":8,"column":43}},"5":{"start":{"line":10,"column":4},"end":{"line":10,"column":16}},"6":{"start":{"line":21,"column":20},"end":{"line":21,"column":73}},"7":{"start":{"line":23,"column":28},"end":{"line":62,"column":1}},"8":{"start":{"line":24,"column":28},"end":{"line":24,"column":88}},"9":{"start":{"line":24,"column":58},"end":{"line":24,"column":87}},"10":{"start":{"line":25,"column":19},"end":{"line":25,"column":32}},"11":{"start":{"line":27,"column":25},"end":{"line":35,"column":3}},"12":{"start":{"line":28,"column":4},"end":{"line":33,"column":5}},"13":{"start":{"line":29,"column":6},"end":{"line":29,"column":46}},"14":{"start":{"line":31,"column":6},"end":{"line":31,"column":39}},"15":{"start":{"line":32,"column":6},"end":{"line":32,"column":25}},"16":{"start":{"line":34,"column":4},"end":{"line":34,"column":23}},"17":{"start":{"line":37,"column":16},"end":{"line":40,"column":3}},"18":{"start":{"line":38,"column":4},"end":{"line":38,"column":44}},"19":{"start":{"line":39,"column":4},"end":{"line":39,"column":23}},"20":{"start":{"line":42,"column":17},"end":{"line":45,"column":3}},"21":{"start":{"line":43,"column":4},"end":{"line":43,"column":37}},"22":{"start":{"line":44,"column":4},"end":{"line":44,"column":19}},"23":{"start":{"line":47,"column":2},"end":{"line":55,"column":24}},"24":{"start":{"line":48,"column":4},"end":{"line":54,"column":5}},"25":{"start":{"line":49,"column":6},"end":{"line":49,"column":25}},"26":{"start":{"line":50,"column":11},"end":{"line":54,"column":5}},"27":{"start":{"line":51,"column":6},"end":{"line":51,"column":39}},"28":{"start":{"line":52,"column":6},"end":{"line":52,"column":21}},"29":{"start":{"line":53,"column":6},"end":{"line":53,"column":25}},"30":{"start":{"line":57,"column":2},"end":{"line":61,"column":4}},"31":{"start":{"line":23,"column":13},"end":{"line":23,"column":28}},"32":{"start":{"line":64,"column":23},"end":{"line":68,"column":1}},"33":{"start":{"line":65,"column":18},"end":{"line":65,"column":41}},"34":{"start":{"line":66,"column":2},"end":{"line":66,"column":79}},"35":{"start":{"line":66,"column":16},"end":{"line":66,"column":79}},"36":{"start":{"line":67,"column":2},"end":{"line":67,"column":17}},"37":{"start":{"line":64,"column":13},"end":{"line":64,"column":23}}},"fnMap":{"0":{"name":"isTokenExpired","decl":{"start":{"line":5,"column":9},"end":{"line":5,"column":23}},"loc":{"start":{"line":5,"column":37},"end":{"line":12,"column":1}}},"1":{"name":"(anonymous_1)","decl":{"start":{"line":23,"column":28},"end":{"line":23,"column":29}},"loc":{"start":{"line":23,"column":70},"end":{"line":62,"column":1}}},"2":{"name":"(anonymous_2)","decl":{"start":{"line":24,"column":52},"end":{"line":24,"column":55}},"loc":{"start":{"line":24,"column":58},"end":{"line":24,"column":87}}},"3":{"name":"(anonymous_3)","decl":{"start":{"line":27,"column":25},"end":{"line":27,"column":26}},"loc":{"start":{"line":27,"column":53},"end":{"line":35,"column":3}}},"4":{"name":"(anonymous_4)","decl":{"start":{"line":37,"column":16},"end":{"line":37,"column":17}},"loc":{"start":{"line":37,"column":37},"end":{"line":40,"column":3}}},"5":{"name":"(anonymous_5)","decl":{"start":{"line":42,"column":17},"end":{"line":42,"column":20}},"loc":{"start":{"line":42,"column":22},"end":{"line":45,"column":3}}},"6":{"name":"(anonymous_6)","decl":{"start":{"line":47,"column":12},"end":{"line":47,"column":15}},"loc":{"start":{"line":47,"column":17},"end":{"line":55,"column":3}}},"7":{"name":"(anonymous_7)","decl":{"start":{"line":64,"column":23},"end":{"line":64,"column":43}},"loc":{"start":{"line":64,"column":45},"end":{"line":68,"column":1}}}},"branchMap":{"0":{"loc":{"start":{"line":28,"column":4},"end":{"line":33,"column":5}},"type":"if","locations":[{"start":{"line":28,"column":4},"end":{"line":33,"column":5}},{"start":{"line":30,"column":11},"end":{"line":33,"column":5}}]},"1":{"loc":{"start":{"line":48,"column":4},"end":{"line":54,"column":5}},"type":"if","locations":[{"start":{"line":48,"column":4},"end":{"line":54,"column":5}},{"start":{"line":50,"column":11},"end":{"line":54,"column":5}}]},"2":{"loc":{"start":{"line":50,"column":11},"end":{"line":54,"column":5}},"type":"if","locations":[{"start":{"line":50,"column":11},"end":{"line":54,"column":5}}]},"3":{"loc":{"start":{"line":66,"column":2},"end":{"line":66,"column":79}},"type":"if","locations":[{"start":{"line":66,"column":2},"end":{"line":66,"column":79}}]}},"s":{"0":1,"1":1,"2":0,"3":0,"4":0,"5":0,"6":1,"7":1,"8":0,"9":0,"10":0,"11":0,"12":0,"13":0,"14":0,"15":0,"16":0,"17":0,"18":0,"19":0,"20":0,"21":0,"22":0,"23":0,"24":0,"25":0,"26":0,"27":0,"28":0,"29":0,"30":0,"31":1,"32":1,"33":4,"34":4,"35":4,"36":0,"37":1},"f":{"0":0,"1":0,"2":0,"3":0,"4":0,"5":0,"6":0,"7":4},"b":{"0":[0,0],"1":[0,0],"2":[0],"3":[4]}}
,"/Users/chandrahmani/Documents/github/chandrahmani/person-management/src/utils/theme.utils.ts": {"path":"/Users/chandrahmani/Documents/github/chandrahmani/person-management/src/utils/theme.utils.ts","statementMap":{"0":{"start":{"line":1,"column":0},"end":{"line":1,"column":44}},"1":{"start":{"line":19,"column":13},"end":{"line":28,"column":3}}},"fnMap":{},"branchMap":{},"s":{"0":0,"1":0},"f":{},"b":{}}
,"/Users/chandrahmani/Documents/github/chandrahmani/person-management/src/views/About/About.tsx": {"path":"/Users/chandrahmani/Documents/github/chandrahmani/person-management/src/views/About/About.tsx","statementMap":{"0":{"start":{"line":1,"column":0},"end":{"line":1,"column":80}},"1":{"start":{"line":4,"column":2},"end":{"line":73,"column":4}},"2":{"start":{"line":76,"column":0},"end":{"line":76,"column":21}}},"fnMap":{"0":{"name":"About","decl":{"start":{"line":3,"column":9},"end":{"line":3,"column":14}},"loc":{"start":{"line":3,"column":14},"end":{"line":74,"column":1}}}},"branchMap":{},"s":{"0":0,"1":0,"2":0},"f":{"0":0},"b":{}}
,"/Users/chandrahmani/Documents/github/chandrahmani/person-management/src/views/Contact/Contact.tsx": {"path":"/Users/chandrahmani/Documents/github/chandrahmani/person-management/src/views/Contact/Contact.tsx","statementMap":{"0":{"start":{"line":1,"column":0},"end":{"line":1,"column":53}},"1":{"start":{"line":4,"column":2},"end":{"line":20,"column":null}},"2":{"start":{"line":23,"column":0},"end":{"line":23,"column":null}}},"fnMap":{"0":{"name":"Contact","decl":{"start":{"line":3,"column":9},"end":{"line":3,"column":16}},"loc":{"start":{"line":3,"column":16},"end":{"line":21,"column":1}}}},"branchMap":{},"s":{"0":0,"1":0,"2":0},"f":{"0":0},"b":{}}
,"/Users/chandrahmani/Documents/github/chandrahmani/person-management/src/views/Dashboard/Home/Home.tsx": {"path":"/Users/chandrahmani/Documents/github/chandrahmani/person-management/src/views/Dashboard/Home/Home.tsx","statementMap":{"0":{"start":{"line":3,"column":0},"end":{"line":3,"column":24}},"1":{"start":{"line":1,"column":0},"end":{"line":1,"column":42}},"2":{"start":{"line":4,"column":2},"end":{"line":6,"column":null}}},"fnMap":{"0":{"name":"Home","decl":{"start":{"line":3,"column":24},"end":{"line":3,"column":28}},"loc":{"start":{"line":3,"column":28},"end":{"line":7,"column":1}}}},"branchMap":{},"s":{"0":0,"1":0,"2":0},"f":{"0":0},"b":{}}
,"/Users/chandrahmani/Documents/github/chandrahmani/person-management/src/views/Dashboard/Profile/Profile.tsx": {"path":"/Users/chandrahmani/Documents/github/chandrahmani/person-management/src/views/Dashboard/Profile/Profile.tsx","statementMap":{"0":{"start":{"line":1,"column":0},"end":{"line":1,"column":null}},"1":{"start":{"line":9,"column":0},"end":{"line":9,"column":44}},"2":{"start":{"line":10,"column":0},"end":{"line":10,"column":52}},"3":{"start":{"line":22,"column":26},"end":{"line":22,"column":53}},"4":{"start":{"line":24,"column":25},"end":{"line":32,"column":4}},"5":{"start":{"line":24,"column":36},"end":{"line":32,"column":4}},"6":{"start":{"line":25,"column":4},"end":{"line":31,"column":5}},"7":{"start":{"line":26,"column":23},"end":{"line":26,"column":40}},"8":{"start":{"line":27,"column":6},"end":{"line":27,"column":24}},"9":{"start":{"line":29,"column":6},"end":{"line":29,"column":60}},"10":{"start":{"line":34,"column":2},"end":{"line":36,"column":9}},"11":{"start":{"line":35,"column":4},"end":{"line":35,"column":21}},"12":{"start":{"line":38,"column":2},"end":{"line":40,"column":3}},"13":{"start":{"line":39,"column":4},"end":{"line":39,"column":24}},"14":{"start":{"line":42,"column":2},"end":{"line":119,"column":4}},"15":{"start":{"line":122,"column":0},"end":{"line":122,"column":23}}},"fnMap":{"0":{"name":"Profile","decl":{"start":{"line":21,"column":9},"end":{"line":21,"column":16}},"loc":{"start":{"line":21,"column":16},"end":{"line":120,"column":1}}},"1":{"name":"(anonymous_8)","decl":{"start":{"line":24,"column":25},"end":{"line":24,"column":34}},"loc":{"start":{"line":24,"column":36},"end":{"line":32,"column":4}}},"2":{"name":"(anonymous_9)","decl":{"start":{"line":24,"column":36},"end":{"line":24,"column":null}},"loc":{"start":{"line":24,"column":36},"end":{"line":32,"column":3}}},"3":{"name":"(anonymous_10)","decl":{"start":{"line":34,"column":12},"end":{"line":34,"column":15}},"loc":{"start":{"line":34,"column":17},"end":{"line":36,"column":3}}}},"branchMap":{"0":{"loc":{"start":{"line":38,"column":2},"end":{"line":40,"column":3}},"type":"if","locations":[{"start":{"line":38,"column":2},"end":{"line":40,"column":3}}]},"1":{"loc":{"start":{"line":82,"column":16},"end":{"line":82,"column":48}},"type":"cond-expr","locations":[{"start":{"line":82,"column":20},"end":{"line":82,"column":22}},{"start":{"line":82,"column":16},"end":{"line":82,"column":48}}]},"2":{"loc":{"start":{"line":82,"column":16},"end":{"line":82,"column":22}},"type":"binary-expr","locations":[{"start":{"line":82,"column":16},"end":{"line":82,"column":22}},{"start":{"line":82,"column":16},"end":{"line":82,"column":22}}]}},"s":{"0":0,"1":0,"2":0,"3":0,"4":0,"5":0,"6":0,"7":0,"8":0,"9":0,"10":0,"11":0,"12":0,"13":0,"14":0,"15":0},"f":{"0":0,"1":0,"2":0,"3":0},"b":{"0":[0],"1":[0,0],"2":[0,0]}}
,"/Users/chandrahmani/Documents/github/chandrahmani/person-management/src/views/Dashboard/Settings/Settings.tsx": {"path":"/Users/chandrahmani/Documents/github/chandrahmani/person-management/src/views/Dashboard/Settings/Settings.tsx","statementMap":{"0":{"start":{"line":1,"column":0},"end":{"line":1,"column":42}},"1":{"start":{"line":4,"column":2},"end":{"line":6,"column":null}},"2":{"start":{"line":9,"column":0},"end":{"line":9,"column":null}}},"fnMap":{"0":{"name":"Settings","decl":{"start":{"line":3,"column":9},"end":{"line":3,"column":17}},"loc":{"start":{"line":3,"column":17},"end":{"line":7,"column":1}}}},"branchMap":{},"s":{"0":0,"1":0,"2":0},"f":{"0":0},"b":{}}
,"/Users/chandrahmani/Documents/github/chandrahmani/person-management/src/views/Landing/Landing.tsx": {"path":"/Users/chandrahmani/Documents/github/chandrahmani/person-management/src/views/Landing/Landing.tsx","statementMap":{"0":{"start":{"line":2,"column":0},"end":{"line":2,"column":36}},"1":{"start":{"line":4,"column":20},"end":{"line":17,"column":1}},"2":{"start":{"line":5,"column":2},"end":{"line":16,"column":4}},"3":{"start":{"line":19,"column":0},"end":{"line":19,"column":23}}},"fnMap":{"0":{"name":"(anonymous_0)","decl":{"start":{"line":4,"column":20},"end":{"line":4,"column":23}},"loc":{"start":{"line":4,"column":25},"end":{"line":17,"column":1}}}},"branchMap":{},"s":{"0":1,"1":1,"2":1,"3":1},"f":{"0":1},"b":{}}
,"/Users/chandrahmani/Documents/github/chandrahmani/person-management/src/views/Login/Login.tsx": {"path":"/Users/chandrahmani/Documents/github/chandrahmani/person-management/src/views/Login/Login.tsx","statementMap":{"0":{"start":{"line":1,"column":0},"end":{"line":1,"column":37}},"1":{"start":{"line":2,"column":0},"end":{"line":2,"column":70}},"2":{"start":{"line":3,"column":0},"end":{"line":3,"column":26}},"3":{"start":{"line":4,"column":0},"end":{"line":4,"column":47}},"4":{"start":{"line":5,"column":0},"end":{"line":5,"column":43}},"5":{"start":{"line":7,"column":18},"end":{"line":90,"column":1}},"6":{"start":{"line":8,"column":23},"end":{"line":8,"column":32}},"7":{"start":{"line":10,"column":19},"end":{"line":10,"column":32}},"8":{"start":{"line":11,"column":28},"end":{"line":11,"column":40}},"9":{"start":{"line":13,"column":23},"end":{"line":39,"column":4}},"10":{"start":{"line":13,"column":69},"end":{"line":39,"column":4}},"11":{"start":{"line":14,"column":4},"end":{"line":14,"column":23}},"12":{"start":{"line":15,"column":21},"end":{"line":15,"column":50}},"13":{"start":{"line":16,"column":20},"end":{"line":19,"column":6}},"14":{"start":{"line":20,"column":4},"end":{"line":38,"column":5}},"15":{"start":{"line":21,"column":23},"end":{"line":21,"column":86}},"16":{"start":{"line":23,"column":6},"end":{"line":29,"column":7}},"17":{"start":{"line":24,"column":8},"end":{"line":24,"column":66}},"18":{"start":{"line":25,"column":8},"end":{"line":25,"column":45}},"19":{"start":{"line":26,"column":8},"end":{"line":26,"column":27}},"20":{"start":{"line":28,"column":8},"end":{"line":28,"column":57}},"21":{"start":{"line":30,"column":6},"end":{"line":30,"column":51}},"22":{"start":{"line":32,"column":6},"end":{"line":32,"column":60}},"23":{"start":{"line":33,"column":6},"end":{"line":37,"column":7}},"24":{"start":{"line":34,"column":8},"end":{"line":34,"column":72}},"25":{"start":{"line":36,"column":8},"end":{"line":36,"column":43}},"26":{"start":{"line":41,"column":2},"end":{"line":89,"column":4}},"27":{"start":{"line":92,"column":0},"end":{"line":92,"column":21}}},"fnMap":{"0":{"name":"(anonymous_8)","decl":{"start":{"line":7,"column":18},"end":{"line":7,"column":21}},"loc":{"start":{"line":7,"column":23},"end":{"line":90,"column":1}}},"1":{"name":"(anonymous_9)","decl":{"start":{"line":13,"column":23},"end":{"line":13,"column":30}},"loc":{"start":{"line":13,"column":69},"end":{"line":39,"column":4}}},"2":{"name":"(anonymous_10)","decl":{"start":{"line":13,"column":69},"end":{"line":13,"column":null}},"loc":{"start":{"line":13,"column":69},"end":{"line":39,"column":3}}}},"branchMap":{"0":{"loc":{"start":{"line":23,"column":6},"end":{"line":29,"column":7}},"type":"if","locations":[{"start":{"line":23,"column":6},"end":{"line":29,"column":7}},{"start":{"line":27,"column":13},"end":{"line":29,"column":7}}]},"1":{"loc":{"start":{"line":23,"column":10},"end":{"line":23,"column":53}},"type":"binary-expr","locations":[{"start":{"line":23,"column":10},"end":{"line":23,"column":23}},{"start":{"line":23,"column":27},"end":{"line":23,"column":53}}]},"2":{"loc":{"start":{"line":33,"column":6},"end":{"line":37,"column":7}},"type":"if","locations":[{"start":{"line":33,"column":6},"end":{"line":37,"column":7}},{"start":{"line":35,"column":13},"end":{"line":37,"column":7}}]},"3":{"loc":{"start":{"line":33,"column":10},"end":{"line":33,"column":53}},"type":"binary-expr","locations":[{"start":{"line":33,"column":10},"end":{"line":33,"column":35}},{"start":{"line":33,"column":39},"end":{"line":33,"column":53}}]},"4":{"loc":{"start":{"line":34,"column":17},"end":{"line":34,"column":70}},"type":"binary-expr","locations":[{"start":{"line":34,"column":17},"end":{"line":34,"column":42}},{"start":{"line":34,"column":46},"end":{"line":34,"column":70}}]},"5":{"loc":{"start":{"line":54,"column":7},"end":{"line":58,"column":14}},"type":"cond-expr","locations":[{"start":{"line":55,"column":8},"end":{"line":56,"column":null}},{"start":{"line":58,"column":10},"end":{"line":58,"column":14}}]},"6":{"loc":{"start":{"line":80,"column":11},"end":{"line":82,"column":18}},"type":"cond-expr","locations":[{"start":{"line":81,"column":12},"end":{"line":81,"column":87}},{"start":{"line":82,"column":14},"end":{"line":82,"column":18}}]}},"s":{"0":0,"1":0,"2":0,"3":0,"4":0,"5":0,"6":0,"7":0,"8":0,"9":0,"10":0,"11":0,"12":0,"13":0,"14":0,"15":0,"16":0,"17":0,"18":0,"19":0,"20":0,"21":0,"22":0,"23":0,"24":0,"25":0,"26":0,"27":0},"f":{"0":0,"1":0,"2":0},"b":{"0":[0,0],"1":[0,0],"2":[0,0],"3":[0,0],"4":[0,0],"5":[0,0],"6":[0,0]}}
,"/Users/chandrahmani/Documents/github/chandrahmani/person-management/src/views/NavigatorInfo/NavigatorInfo.tsx": {"path":"/Users/chandrahmani/Documents/github/chandrahmani/person-management/src/views/NavigatorInfo/NavigatorInfo.tsx","statementMap":{"0":{"start":{"line":1,"column":0},"end":{"line":1,"column":78}},"1":{"start":{"line":9,"column":22},"end":{"line":36,"column":1}},"2":{"start":{"line":10,"column":27},"end":{"line":18,"column":4}},"3":{"start":{"line":10,"column":34},"end":{"line":18,"column":4}},"4":{"start":{"line":20,"column":2},"end":{"line":35,"column":4}},"5":{"start":{"line":26,"column":12},"end":{"line":26,"column":null}},"6":{"start":{"line":38,"column":0},"end":{"line":38,"column":29}}},"fnMap":{"0":{"name":"(anonymous_0)","decl":{"start":{"line":9,"column":22},"end":{"line":9,"column":25}},"loc":{"start":{"line":9,"column":27},"end":{"line":36,"column":1}}},"1":{"name":"(anonymous_1)","decl":{"start":{"line":10,"column":27},"end":{"line":10,"column":30}},"loc":{"start":{"line":10,"column":34},"end":{"line":18,"column":4}}},"2":{"name":"(anonymous_2)","decl":{"start":{"line":25,"column":50},"end":{"line":25,"column":51}},"loc":{"start":{"line":26,"column":12},"end":{"line":26,"column":null}}}},"branchMap":{"0":{"loc":{"start":{"line":16,"column":12},"end":{"line":16,"column":70}},"type":"cond-expr","locations":[{"start":{"line":16,"column":31},"end":{"line":16,"column":58}},{"start":{"line":16,"column":61},"end":{"line":16,"column":70}}]},"1":{"loc":{"start":{"line":17,"column":19},"end":{"line":17,"column":61}},"type":"cond-expr","locations":[{"start":{"line":17,"column":45},"end":{"line":17,"column":51}},{"start":{"line":17,"column":54},"end":{"line":17,"column":61}}]}},"s":{"0":0,"1":0,"2":0,"3":0,"4":0,"5":0,"6":0},"f":{"0":0,"1":0,"2":0},"b":{"0":[0,0],"1":[0,0]}}
,"/Users/chandrahmani/Documents/github/chandrahmani/person-management/src/views/Panel/Panel.tsx": {"path":"/Users/chandrahmani/Documents/github/chandrahmani/person-management/src/views/Panel/Panel.tsx","statementMap":{"0":{"start":{"line":1,"column":0},"end":{"line":1,"column":47}},"1":{"start":{"line":3,"column":0},"end":{"line":3,"column":73}},"2":{"start":{"line":4,"column":0},"end":{"line":4,"column":26}},"3":{"start":{"line":5,"column":0},"end":{"line":5,"column":44}},"4":{"start":{"line":7,"column":14},"end":{"line":72,"column":1}},"5":{"start":{"line":8,"column":32},"end":{"line":8,"column":70}},"6":{"start":{"line":9,"column":28},"end":{"line":9,"column":57}},"7":{"start":{"line":10,"column":20},"end":{"line":10,"column":29}},"8":{"start":{"line":12,"column":23},"end":{"line":33,"column":4}},"9":{"start":{"line":12,"column":34},"end":{"line":33,"column":4}},"10":{"start":{"line":13,"column":4},"end":{"line":32,"column":5}},"11":{"start":{"line":14,"column":23},"end":{"line":18,"column":8}},"12":{"start":{"line":20,"column":6},"end":{"line":22,"column":7}},"13":{"start":{"line":21,"column":8},"end":{"line":21,"column":34}},"14":{"start":{"line":24,"column":6},"end":{"line":24,"column":32}},"15":{"start":{"line":26,"column":6},"end":{"line":26,"column":54}},"16":{"start":{"line":27,"column":6},"end":{"line":31,"column":8}},"17":{"start":{"line":35,"column":2},"end":{"line":37,"column":14}},"18":{"start":{"line":36,"column":4},"end":{"line":36,"column":19}},"19":{"start":{"line":39,"column":2},"end":{"line":71,"column":4}},"20":{"start":{"line":74,"column":0},"end":{"line":74,"column":21}}},"fnMap":{"0":{"name":"(anonymous_8)","decl":{"start":{"line":7,"column":14},"end":{"line":7,"column":17}},"loc":{"start":{"line":7,"column":19},"end":{"line":72,"column":1}}},"1":{"name":"(anonymous_9)","decl":{"start":{"line":12,"column":23},"end":{"line":12,"column":32}},"loc":{"start":{"line":12,"column":34},"end":{"line":33,"column":4}}},"2":{"name":"(anonymous_10)","decl":{"start":{"line":12,"column":34},"end":{"line":12,"column":null}},"loc":{"start":{"line":12,"column":34},"end":{"line":33,"column":3}}},"3":{"name":"(anonymous_11)","decl":{"start":{"line":35,"column":12},"end":{"line":35,"column":15}},"loc":{"start":{"line":35,"column":17},"end":{"line":37,"column":3}}}},"branchMap":{"0":{"loc":{"start":{"line":20,"column":6},"end":{"line":22,"column":7}},"type":"if","locations":[{"start":{"line":20,"column":6},"end":{"line":22,"column":7}}]},"1":{"loc":{"start":{"line":28,"column":8},"end":{"line":30,"column":27}},"type":"cond-expr","locations":[{"start":{"line":29,"column":12},"end":{"line":29,"column":60}},{"start":{"line":30,"column":12},"end":{"line":30,"column":27}}]},"2":{"loc":{"start":{"line":28,"column":8},"end":{"line":28,"column":73}},"type":"binary-expr","locations":[{"start":{"line":28,"column":8},"end":{"line":28,"column":33}},{"start":{"line":28,"column":37},"end":{"line":28,"column":51}},{"start":{"line":28,"column":55},"end":{"line":28,"column":73}}]},"3":{"loc":{"start":{"line":41,"column":7},"end":{"line":68,"column":null}},"type":"cond-expr","locations":[{"start":{"line":42,"column":8},"end":{"line":42,"column":71}},{"start":{"line":44,"column":8},"end":{"line":67,"column":null}}]},"4":{"loc":{"start":{"line":61,"column":21},"end":{"line":61,"column":57}},"type":"cond-expr","locations":[{"start":{"line":61,"column":31},"end":{"line":61,"column":47}},{"start":{"line":61,"column":50},"end":{"line":61,"column":57}}]}},"s":{"0":0,"1":0,"2":0,"3":0,"4":0,"5":0,"6":0,"7":0,"8":0,"9":0,"10":0,"11":0,"12":0,"13":0,"14":0,"15":0,"16":0,"17":0,"18":0,"19":0,"20":0},"f":{"0":0,"1":0,"2":0,"3":0},"b":{"0":[0],"1":[0,0],"2":[0,0,0],"3":[0,0],"4":[0,0]}}
,"/Users/chandrahmani/Documents/github/chandrahmani/person-management/src/views/UserList/UserList.tsx": {"path":"/Users/chandrahmani/Documents/github/chandrahmani/person-management/src/views/UserList/UserList.tsx","statementMap":{"0":{"start":{"line":1,"column":0},"end":{"line":1,"column":47}},"1":{"start":{"line":3,"column":0},"end":{"line":3,"column":null}},"2":{"start":{"line":14,"column":0},"end":{"line":14,"column":26}},"3":{"start":{"line":15,"column":0},"end":{"line":15,"column":44}},"4":{"start":{"line":17,"column":17},"end":{"line":98,"column":1}},"5":{"start":{"line":18,"column":20},"end":{"line":18,"column":29}},"6":{"start":{"line":19,"column":28},"end":{"line":19,"column":59}},"7":{"start":{"line":20,"column":28},"end":{"line":20,"column":57}},"8":{"start":{"line":22,"column":23},"end":{"line":40,"column":4}},"9":{"start":{"line":22,"column":34},"end":{"line":40,"column":4}},"10":{"start":{"line":23,"column":4},"end":{"line":39,"column":5}},"11":{"start":{"line":24,"column":23},"end":{"line":28,"column":8}},"12":{"start":{"line":30,"column":6},"end":{"line":30,"column":39}},"13":{"start":{"line":31,"column":6},"end":{"line":31,"column":36}},"14":{"start":{"line":33,"column":6},"end":{"line":33,"column":54}},"15":{"start":{"line":34,"column":6},"end":{"line":38,"column":7}},"16":{"start":{"line":35,"column":8},"end":{"line":35,"column":71}},"17":{"start":{"line":37,"column":8},"end":{"line":37,"column":37}},"18":{"start":{"line":42,"column":2},"end":{"line":44,"column":9}},"19":{"start":{"line":43,"column":4},"end":{"line":43,"column":19}},"20":{"start":{"line":46,"column":2},"end":{"line":97,"column":4}},"21":{"start":{"line":83,"column":16},"end":{"line":83,"column":null}},"22":{"start":{"line":99,"column":0},"end":{"line":99,"column":24}}},"fnMap":{"0":{"name":"(anonymous_8)","decl":{"start":{"line":17,"column":17},"end":{"line":17,"column":20}},"loc":{"start":{"line":17,"column":22},"end":{"line":98,"column":1}}},"1":{"name":"(anonymous_9)","decl":{"start":{"line":22,"column":23},"end":{"line":22,"column":32}},"loc":{"start":{"line":22,"column":34},"end":{"line":40,"column":4}}},"2":{"name":"(anonymous_10)","decl":{"start":{"line":22,"column":34},"end":{"line":22,"column":null}},"loc":{"start":{"line":22,"column":34},"end":{"line":40,"column":3}}},"3":{"name":"(anonymous_11)","decl":{"start":{"line":42,"column":12},"end":{"line":42,"column":15}},"loc":{"start":{"line":42,"column":17},"end":{"line":44,"column":3}}},"4":{"name":"(anonymous_12)","decl":{"start":{"line":82,"column":26},"end":{"line":82,"column":27}},"loc":{"start":{"line":83,"column":16},"end":{"line":83,"column":null}}}},"branchMap":{"0":{"loc":{"start":{"line":34,"column":6},"end":{"line":38,"column":7}},"type":"if","locations":[{"start":{"line":34,"column":6},"end":{"line":38,"column":7}},{"start":{"line":36,"column":13},"end":{"line":38,"column":7}}]},"1":{"loc":{"start":{"line":35,"column":17},"end":{"line":35,"column":69}},"type":"binary-expr","locations":[{"start":{"line":35,"column":17},"end":{"line":35,"column":41}},{"start":{"line":35,"column":45},"end":{"line":35,"column":69}}]},"2":{"loc":{"start":{"line":35,"column":17},"end":{"line":35,"column":41}},"type":"cond-expr","locations":[{"start":{"line":35,"column":29},"end":{"line":35,"column":31}},{"start":{"line":35,"column":29},"end":{"line":35,"column":41}}]},"3":{"loc":{"start":{"line":35,"column":17},"end":{"line":35,"column":31}},"type":"binary-expr","locations":[{"start":{"line":35,"column":17},"end":{"line":35,"column":31}},{"start":{"line":35,"column":29},"end":{"line":35,"column":31}}]},"4":{"loc":{"start":{"line":53,"column":9},"end":{"line":93,"column":null}},"type":"cond-expr","locations":[{"start":{"line":54,"column":10},"end":{"line":55,"column":null}},{"start":{"line":58,"column":10},"end":{"line":92,"column":null}}]},"5":{"loc":{"start":{"line":82,"column":15},"end":{"line":91,"column":16}},"type":"cond-expr","locations":[{"start":{"line":82,"column":20},"end":{"line":82,"column":22}},{"start":{"line":82,"column":15},"end":{"line":91,"column":16}}]},"6":{"loc":{"start":{"line":82,"column":15},"end":{"line":82,"column":22}},"type":"binary-expr","locations":[{"start":{"line":82,"column":15},"end":{"line":82,"column":22}},{"start":{"line":82,"column":15},"end":{"line":82,"column":22}}]}},"s":{"0":0,"1":0,"2":0,"3":0,"4":0,"5":0,"6":0,"7":0,"8":0,"9":0,"10":0,"11":0,"12":0,"13":0,"14":0,"15":0,"16":0,"17":0,"18":0,"19":0,"20":0,"21":0,"22":0},"f":{"0":0,"1":0,"2":0,"3":0,"4":0},"b":{"0":[0,0],"1":[0,0],"2":[0,0],"3":[0,0],"4":[0,0],"5":[0,0],"6":[0,0]}}
}
