TN:
SF:src/components/Footer/Footer.tsx
FN:4,Footer
FN:9,(anonymous_1)
FNF:2
FNH:0
FNDA:0,Footer
FNDA:0,(anonymous_1)
DA:2,0
DA:5,0
DA:10,0
DA:26,0
LF:4
LH:0
BRDA:10,0,0,0
BRDA:10,0,1,0
BRF:2
BRH:0
end_of_record
TN:
SF:src/components/Navigation/Navigation.tsx
FN:23,Navigation
FN:30,(anonymous_11)
FN:31,(anonymous_12)
FN:34,(anonymous_13)
FN:46,(anonymous_14)
FN:79,(anonymous_15)
FNF:6
FNH:1
FNDA:5,Navigation
FNDA:0,(anonymous_11)
FNDA:0,(anonymous_12)
FNDA:0,(anonymous_13)
FNDA:0,(anonymous_14)
FNDA:0,(anonymous_15)
DA:1,1
DA:2,1
DA:3,1
DA:5,1
DA:6,1
DA:7,1
DA:8,1
DA:9,1
DA:10,1
DA:11,1
DA:14,1
DA:15,1
DA:16,1
DA:17,1
DA:18,1
DA:19,1
DA:21,1
DA:23,1
DA:24,5
DA:25,4
DA:26,0
DA:28,0
DA:30,0
DA:31,0
DA:34,0
DA:35,0
DA:36,0
DA:40,0
DA:47,0
DA:57,0
DA:80,0
LF:31
LH:20
BRDA:28,0,0,0
BRDA:28,0,1,0
BRDA:80,1,0,0
BRDA:80,1,1,0
BRDA:80,2,0,0
BRDA:80,2,1,0
BRDA:97,3,0,0
BRDA:97,3,1,0
BRF:8
BRH:0
end_of_record
TN:
SF:src/components/StandardImageList/StandardImageList.tsx
FN:5,StandardImageList
FN:8,(anonymous_11)
FNF:2
FNH:0
FNDA:0,StandardImageList
FNDA:0,(anonymous_11)
DA:1,0
DA:2,0
DA:3,0
DA:5,0
DA:6,0
DA:9,0
DA:22,0
LF:7
LH:0
BRF:0
BRH:0
end_of_record
TN:
SF:src/services/app.services.ts
FN:5,(anonymous_8)
FN:5,(anonymous_9)
FN:21,(anonymous_10)
FN:24,(anonymous_11)
FNF:4
FNH:0
FNDA:0,(anonymous_8)
FNDA:0,(anonymous_9)
FNDA:0,(anonymous_10)
FNDA:0,(anonymous_11)
DA:1,0
DA:5,0
DA:6,0
DA:7,0
DA:8,0
DA:9,0
DA:11,0
DA:21,0
DA:24,0
DA:25,0
DA:26,0
DA:30,0
DA:32,0
DA:33,0
LF:14
LH:0
BRDA:23,0,0,0
BRDA:33,1,0,0
BRDA:33,1,1,0
BRF:3
BRH:0
end_of_record
TN:
SF:src/store/AuthProvider.tsx
FN:5,isTokenExpired
FN:23,(anonymous_1)
FN:24,(anonymous_2)
FN:27,(anonymous_3)
FN:37,(anonymous_4)
FN:42,(anonymous_5)
FN:47,(anonymous_6)
FN:64,(anonymous_7)
FNF:8
FNH:1
FNDA:0,isTokenExpired
FNDA:0,(anonymous_1)
FNDA:0,(anonymous_2)
FNDA:0,(anonymous_3)
FNDA:0,(anonymous_4)
FNDA:0,(anonymous_5)
FNDA:0,(anonymous_6)
FNDA:4,(anonymous_7)
DA:1,1
DA:2,1
DA:6,0
DA:7,0
DA:8,0
DA:10,0
DA:21,1
DA:23,1
DA:24,0
DA:25,0
DA:27,0
DA:28,0
DA:29,0
DA:31,0
DA:32,0
DA:34,0
DA:37,0
DA:38,0
DA:39,0
DA:42,0
DA:43,0
DA:44,0
DA:47,0
DA:48,0
DA:49,0
DA:50,0
DA:51,0
DA:52,0
DA:53,0
DA:57,0
DA:64,1
DA:65,4
DA:66,4
DA:67,0
LF:34
LH:7
BRDA:28,0,0,0
BRDA:28,0,1,0
BRDA:48,1,0,0
BRDA:48,1,1,0
BRDA:50,2,0,0
BRDA:66,3,0,4
BRF:6
BRH:1
end_of_record
TN:
SF:src/utils/theme.utils.ts
FNF:0
FNH:0
DA:1,0
DA:19,0
LF:2
LH:0
BRF:0
BRH:0
end_of_record
TN:
SF:src/views/About/About.tsx
FN:3,About
FNF:1
FNH:0
FNDA:0,About
DA:1,0
DA:4,0
DA:76,0
LF:3
LH:0
BRF:0
BRH:0
end_of_record
TN:
SF:src/views/Contact/Contact.tsx
FN:3,Contact
FNF:1
FNH:0
FNDA:0,Contact
DA:1,0
DA:4,0
DA:23,0
LF:3
LH:0
BRF:0
BRH:0
end_of_record
TN:
SF:src/views/Dashboard/Home/Home.tsx
FN:3,Home
FNF:1
FNH:0
FNDA:0,Home
DA:1,0
DA:3,0
DA:4,0
LF:3
LH:0
BRF:0
BRH:0
end_of_record
TN:
SF:src/views/Dashboard/Profile/Profile.tsx
FN:21,Profile
FN:24,(anonymous_8)
FN:24,(anonymous_9)
FN:34,(anonymous_10)
FNF:4
FNH:0
FNDA:0,Profile
FNDA:0,(anonymous_8)
FNDA:0,(anonymous_9)
FNDA:0,(anonymous_10)
DA:1,0
DA:9,0
DA:10,0
DA:22,0
DA:24,0
DA:25,0
DA:26,0
DA:27,0
DA:29,0
DA:34,0
DA:35,0
DA:38,0
DA:39,0
DA:42,0
DA:122,0
LF:15
LH:0
BRDA:38,0,0,0
BRDA:82,1,0,0
BRDA:82,1,1,0
BRDA:82,2,0,0
BRDA:82,2,1,0
BRF:5
BRH:0
end_of_record
TN:
SF:src/views/Dashboard/Settings/Settings.tsx
FN:3,Settings
FNF:1
FNH:0
FNDA:0,Settings
DA:1,0
DA:4,0
DA:9,0
LF:3
LH:0
BRF:0
BRH:0
end_of_record
TN:
SF:src/views/Landing/Landing.tsx
FN:4,(anonymous_0)
FNF:1
FNH:1
FNDA:1,(anonymous_0)
DA:2,1
DA:4,1
DA:5,1
DA:19,1
LF:4
LH:4
BRF:0
BRH:0
end_of_record
TN:
SF:src/views/Login/Login.tsx
FN:7,(anonymous_8)
FN:13,(anonymous_9)
FN:13,(anonymous_10)
FNF:3
FNH:0
FNDA:0,(anonymous_8)
FNDA:0,(anonymous_9)
FNDA:0,(anonymous_10)
DA:1,0
DA:2,0
DA:3,0
DA:4,0
DA:5,0
DA:7,0
DA:8,0
DA:10,0
DA:11,0
DA:13,0
DA:14,0
DA:15,0
DA:16,0
DA:20,0
DA:21,0
DA:23,0
DA:24,0
DA:25,0
DA:26,0
DA:28,0
DA:30,0
DA:32,0
DA:33,0
DA:34,0
DA:36,0
DA:41,0
DA:92,0
LF:27
LH:0
BRDA:23,0,0,0
BRDA:23,0,1,0
BRDA:23,1,0,0
BRDA:23,1,1,0
BRDA:33,2,0,0
BRDA:33,2,1,0
BRDA:33,3,0,0
BRDA:33,3,1,0
BRDA:34,4,0,0
BRDA:34,4,1,0
BRDA:54,5,0,0
BRDA:54,5,1,0
BRDA:80,6,0,0
BRDA:80,6,1,0
BRF:14
BRH:0
end_of_record
TN:
SF:src/views/NavigatorInfo/NavigatorInfo.tsx
FN:9,(anonymous_0)
FN:10,(anonymous_1)
FN:25,(anonymous_2)
FNF:3
FNH:0
FNDA:0,(anonymous_0)
FNDA:0,(anonymous_1)
FNDA:0,(anonymous_2)
DA:1,0
DA:9,0
DA:10,0
DA:20,0
DA:26,0
DA:38,0
LF:6
LH:0
BRDA:16,0,0,0
BRDA:16,0,1,0
BRDA:17,1,0,0
BRDA:17,1,1,0
BRF:4
BRH:0
end_of_record
TN:
SF:src/views/Panel/Panel.tsx
FN:7,(anonymous_8)
FN:12,(anonymous_9)
FN:12,(anonymous_10)
FN:35,(anonymous_11)
FNF:4
FNH:0
FNDA:0,(anonymous_8)
FNDA:0,(anonymous_9)
FNDA:0,(anonymous_10)
FNDA:0,(anonymous_11)
DA:1,0
DA:3,0
DA:4,0
DA:5,0
DA:7,0
DA:8,0
DA:9,0
DA:10,0
DA:12,0
DA:13,0
DA:14,0
DA:20,0
DA:21,0
DA:24,0
DA:26,0
DA:27,0
DA:35,0
DA:36,0
DA:39,0
DA:74,0
LF:20
LH:0
BRDA:20,0,0,0
BRDA:28,1,0,0
BRDA:28,1,1,0
BRDA:28,2,0,0
BRDA:28,2,1,0
BRDA:28,2,2,0
BRDA:41,3,0,0
BRDA:41,3,1,0
BRDA:61,4,0,0
BRDA:61,4,1,0
BRF:10
BRH:0
end_of_record
TN:
SF:src/views/UserList/UserList.tsx
FN:17,(anonymous_8)
FN:22,(anonymous_9)
FN:22,(anonymous_10)
FN:42,(anonymous_11)
FN:82,(anonymous_12)
FNF:5
FNH:0
FNDA:0,(anonymous_8)
FNDA:0,(anonymous_9)
FNDA:0,(anonymous_10)
FNDA:0,(anonymous_11)
FNDA:0,(anonymous_12)
DA:1,0
DA:3,0
DA:14,0
DA:15,0
DA:17,0
DA:18,0
DA:19,0
DA:20,0
DA:22,0
DA:23,0
DA:24,0
DA:30,0
DA:31,0
DA:33,0
DA:34,0
DA:35,0
DA:37,0
DA:42,0
DA:43,0
DA:46,0
DA:83,0
DA:99,0
LF:22
LH:0
BRDA:34,0,0,0
BRDA:34,0,1,0
BRDA:35,1,0,0
BRDA:35,1,1,0
BRDA:35,2,0,0
BRDA:35,2,1,0
BRDA:35,3,0,0
BRDA:35,3,1,0
BRDA:53,4,0,0
BRDA:53,4,1,0
BRDA:82,5,0,0
BRDA:82,5,1,0
BRDA:82,6,0,0
BRDA:82,6,1,0
BRF:14
BRH:0
end_of_record
